<?xml version="1.0" encoding="UTF-8"?>
<coverage generated="1656890427">
  <project timestamp="1656890427">
    <package name="Gin0115\WpScoper\Application">
      <file name="/shared/httpd/wp-scoper/wp-scoper-core/src/Application/WpScoper.php">
        <class name="Gin0115\WpScoper\Application\WpScoper" namespace="Gin0115\WpScoper\Application">
          <metrics complexity="3" methods="3" coveredmethods="0" conditionals="0" coveredconditionals="0" statements="15" coveredstatements="0" elements="18" coveredelements="0"/>
        </class>
        <line num="23" type="method" name="isFromMenu" visibility="public" complexity="1" crap="2" count="0"/>
        <line num="25" type="stmt" count="0"/>
        <line num="34" type="method" name="setFromMenu" visibility="public" complexity="1" crap="2" count="0"/>
        <line num="36" type="stmt" count="0"/>
        <line num="37" type="stmt" count="0"/>
        <line num="41" type="method" name="createContainer" visibility="protected" complexity="1" crap="2" count="0"/>
        <line num="43" type="stmt" count="0"/>
        <line num="44" type="stmt" count="0"/>
        <line num="46" type="stmt" count="0"/>
        <line num="47" type="stmt" count="0"/>
        <line num="48" type="stmt" count="0"/>
        <line num="50" type="stmt" count="0"/>
        <line num="51" type="stmt" count="0"/>
        <line num="52" type="stmt" count="0"/>
        <line num="53" type="stmt" count="0"/>
        <line num="54" type="stmt" count="0"/>
        <line num="57" type="stmt" count="0"/>
        <line num="58" type="stmt" count="0"/>
        <metrics loc="60" ncloc="51" classes="1" methods="3" coveredmethods="0" conditionals="0" coveredconditionals="0" statements="15" coveredstatements="0" elements="18" coveredelements="0"/>
      </file>
    </package>
    <file name="/shared/httpd/wp-scoper/wp-scoper-core/src/Build/BuildConfig.php">
      <metrics loc="0" ncloc="0" classes="0" methods="0" coveredmethods="0" conditionals="0" coveredconditionals="0" statements="0" coveredstatements="0" elements="0" coveredelements="0"/>
    </file>
    <file name="/shared/httpd/wp-scoper/wp-scoper-core/src/Build/BuildRunner.php">
      <metrics loc="0" ncloc="0" classes="0" methods="0" coveredmethods="0" conditionals="0" coveredconditionals="0" statements="0" coveredstatements="0" elements="0" coveredelements="0"/>
    </file>
    <file name="/shared/httpd/wp-scoper/wp-scoper-core/src/Build/BuildValidator.php">
      <metrics loc="0" ncloc="0" classes="0" methods="0" coveredmethods="0" conditionals="0" coveredconditionals="0" statements="0" coveredstatements="0" elements="0" coveredelements="0"/>
    </file>
    <package name="Gin0115\WpScoper\Command">
      <file name="/shared/httpd/wp-scoper/wp-scoper-core/src/Command/AbstractMenuCommand.php">
        <class name="Gin0115\WpScoper\Command\AbstractMenuCommand" namespace="Gin0115\WpScoper\Command">
          <metrics complexity="16" methods="6" coveredmethods="0" conditionals="0" coveredconditionals="0" statements="31" coveredstatements="0" elements="37" coveredelements="0"/>
        </class>
        <line num="52" type="method" name="beforeMenu" visibility="public" complexity="1" crap="2" count="0"/>
        <line num="55" type="stmt" count="0"/>
        <line num="63" type="method" name="afterMenu" visibility="public" complexity="1" crap="2" count="0"/>
        <line num="66" type="stmt" count="0"/>
        <line num="75" type="method" name="execute" visibility="public" complexity="3" crap="12" count="0"/>
        <line num="77" type="stmt" count="0"/>
        <line num="79" type="stmt" count="0"/>
        <line num="80" type="stmt" count="0"/>
        <line num="81" type="stmt" count="0"/>
        <line num="82" type="stmt" count="0"/>
        <line num="84" type="stmt" count="0"/>
        <line num="86" type="stmt" count="0"/>
        <line num="89" type="stmt" count="0"/>
        <line num="90" type="stmt" count="0"/>
        <line num="94" type="stmt" count="0"/>
        <line num="97" type="stmt" count="0"/>
        <line num="106" type="method" name="getMenuItemsForTable" visibility="private" complexity="1" crap="2" count="0"/>
        <line num="108" type="stmt" count="0"/>
        <line num="111" type="stmt" count="0"/>
        <line num="112" type="stmt" count="0"/>
        <line num="113" type="stmt" count="0"/>
        <line num="115" type="stmt" count="0"/>
        <line num="116" type="stmt" count="0"/>
        <line num="126" type="method" name="awaitMenuInput" visibility="private" complexity="3" crap="12" count="0"/>
        <line num="128" type="stmt" count="0"/>
        <line num="131" type="stmt" count="0"/>
        <line num="132" type="stmt" count="0"/>
        <line num="134" type="stmt" count="0"/>
        <line num="135" type="stmt" count="0"/>
        <line num="138" type="stmt" count="0"/>
        <line num="148" type="method" name="getActionFromCommand" visibility="private" complexity="3" crap="12" count="0"/>
        <line num="152" type="stmt" count="0"/>
        <line num="153" type="stmt" count="0"/>
        <line num="156" type="stmt" count="0"/>
        <line num="157" type="stmt" count="0"/>
        <line num="161" type="stmt" count="0"/>
        <line num="163" type="stmt" count="0"/>
        <metrics loc="165" ncloc="109" classes="1" methods="6" coveredmethods="0" conditionals="0" coveredconditionals="0" statements="31" coveredstatements="0" elements="37" coveredelements="0"/>
      </file>
      <file name="/shared/httpd/wp-scoper/wp-scoper-core/src/Command/HomeCommand.php">
        <class name="Gin0115\WpScoper\Command\HomeCommand" namespace="Gin0115\WpScoper\Command">
          <metrics complexity="6" methods="6" coveredmethods="0" conditionals="0" coveredconditionals="0" statements="10" coveredstatements="0" elements="16" coveredelements="0"/>
        </class>
        <line num="30" type="method" name="__construct" visibility="public" complexity="1" crap="2" count="0"/>
        <line num="32" type="stmt" count="0"/>
        <line num="33" type="stmt" count="0"/>
        <line num="34" type="stmt" count="0"/>
        <line num="35" type="stmt" count="0"/>
        <line num="42" type="method" name="getTableItems" visibility="public" complexity="1" crap="2" count="0"/>
        <line num="45" type="stmt" count="0"/>
        <line num="71" type="method" name="getApp" visibility="public" complexity="1" crap="2" count="0"/>
        <line num="72" type="stmt" count="0"/>
        <line num="80" type="method" name="getPrompt" visibility="public" complexity="1" crap="2" count="0"/>
        <line num="81" type="stmt" count="0"/>
        <line num="89" type="method" name="getDefault" visibility="public" complexity="1" crap="2" count="0"/>
        <line num="90" type="stmt" count="0"/>
        <line num="99" type="method" name="beforeMenu" visibility="public" complexity="1" crap="2" count="0"/>
        <line num="100" type="stmt" count="0"/>
        <line num="101" type="stmt" count="0"/>
        <metrics loc="102" ncloc="75" classes="1" methods="6" coveredmethods="0" conditionals="0" coveredconditionals="0" statements="10" coveredstatements="0" elements="16" coveredelements="0"/>
      </file>
    </package>
    <package name="Gin0115\WpScoper\Command\Patcher">
      <file name="/shared/httpd/wp-scoper/wp-scoper-core/src/Command/Patcher/PatcherAllCommand.php">
        <class name="Gin0115\WpScoper\Command\Patcher\PatcherAllCommand" namespace="Gin0115\WpScoper\Command\Patcher">
          <metrics complexity="3" methods="3" coveredmethods="0" conditionals="0" coveredconditionals="0" statements="16" coveredstatements="0" elements="19" coveredelements="0"/>
        </class>
        <line num="32" type="method" name="__construct" visibility="public" complexity="1" crap="2" count="0"/>
        <line num="34" type="stmt" count="0"/>
        <line num="35" type="stmt" count="0"/>
        <line num="36" type="stmt" count="0"/>
        <line num="37" type="stmt" count="0"/>
        <line num="46" type="method" name="execute" visibility="public" complexity="1" crap="2" count="0"/>
        <line num="48" type="stmt" count="0"/>
        <line num="51" type="stmt" count="0"/>
        <line num="53" type="stmt" count="0"/>
        <line num="55" type="stmt" count="0"/>
        <line num="56" type="stmt" count="0"/>
        <line num="57" type="stmt" count="0"/>
        <line num="58" type="stmt" count="0"/>
        <line num="60" type="stmt" count="0"/>
        <line num="68" type="method" name="getPatchers" visibility="private" complexity="1" crap="2" count="0"/>
        <line num="72" type="stmt" count="0"/>
        <line num="73" type="stmt" count="0"/>
        <line num="74" type="stmt" count="0"/>
        <line num="76" type="stmt" count="0"/>
        <metrics loc="78" ncloc="66" classes="1" methods="3" coveredmethods="0" conditionals="0" coveredconditionals="0" statements="16" coveredstatements="0" elements="19" coveredelements="0"/>
      </file>
      <file name="/shared/httpd/wp-scoper/wp-scoper-core/src/Command/Patcher/PatcherDeleteCommand.php">
        <class name="Gin0115\WpScoper\Command\Patcher\PatcherDeleteCommand" namespace="Gin0115\WpScoper\Command\Patcher">
          <metrics complexity="8" methods="6" coveredmethods="0" conditionals="0" coveredconditionals="0" statements="30" coveredstatements="0" elements="36" coveredelements="0"/>
        </class>
        <line num="29" type="method" name="__construct" visibility="public" complexity="1" crap="2" count="0"/>
        <line num="31" type="stmt" count="0"/>
        <line num="32" type="stmt" count="0"/>
        <line num="33" type="stmt" count="0"/>
        <line num="34" type="stmt" count="0"/>
        <line num="43" type="method" name="execute" visibility="public" complexity="1" crap="2" count="0"/>
        <line num="45" type="stmt" count="0"/>
        <line num="48" type="stmt" count="0"/>
        <line num="50" type="stmt" count="0"/>
        <line num="52" type="stmt" count="0"/>
        <line num="53" type="stmt" count="0"/>
        <line num="54" type="stmt" count="0"/>
        <line num="55" type="stmt" count="0"/>
        <line num="58" type="stmt" count="0"/>
        <line num="59" type="stmt" count="0"/>
        <line num="61" type="stmt" count="0"/>
        <line num="63" type="stmt" count="0"/>
        <line num="72" type="method" name="promptWhichPatcherToRemove" visibility="private" complexity="3" crap="12" count="0"/>
        <line num="74" type="stmt" count="0"/>
        <line num="75" type="stmt" count="0"/>
        <line num="76" type="stmt" count="0"/>
        <line num="77" type="stmt" count="0"/>
        <line num="78" type="stmt" count="0"/>
        <line num="80" type="stmt" count="0"/>
        <line num="89" type="method" name="getPatchers" visibility="private" complexity="1" crap="2" count="0"/>
        <line num="91" type="stmt" count="0"/>
        <line num="93" type="stmt" count="0"/>
        <line num="95" type="stmt" count="0"/>
        <line num="96" type="stmt" count="0"/>
        <line num="97" type="stmt" count="0"/>
        <line num="99" type="stmt" count="0"/>
        <line num="108" type="method" name="getPatcherFromIndex" visibility="private" complexity="1" crap="2" count="0"/>
        <line num="110" type="stmt" count="0"/>
        <line num="113" type="method" name="deletePatcher" visibility="public" complexity="1" crap="2" count="0"/>
        <line num="116" type="stmt" count="0"/>
        <line num="118" type="stmt" count="0"/>
        <metrics loc="119" ncloc="94" classes="1" methods="6" coveredmethods="0" conditionals="0" coveredconditionals="0" statements="30" coveredstatements="0" elements="36" coveredelements="0"/>
      </file>
      <file name="/shared/httpd/wp-scoper/wp-scoper-core/src/Command/Patcher/PatcherHomeCommand.php">
        <class name="Gin0115\WpScoper\Command\Patcher\PatcherHomeCommand" namespace="Gin0115\WpScoper\Command\Patcher">
          <metrics complexity="6" methods="6" coveredmethods="0" conditionals="0" coveredconditionals="0" statements="9" coveredstatements="0" elements="15" coveredelements="0"/>
        </class>
        <line num="31" type="method" name="__construct" visibility="public" complexity="1" crap="2" count="0"/>
        <line num="34" type="stmt" count="0"/>
        <line num="35" type="stmt" count="0"/>
        <line num="36" type="stmt" count="0"/>
        <line num="38" type="method" name="getApp" visibility="public" complexity="1" crap="2" count="0"/>
        <line num="40" type="stmt" count="0"/>
        <line num="48" type="method" name="getTableItems" visibility="public" complexity="1" crap="2" count="0"/>
        <line num="51" type="stmt" count="0"/>
        <line num="64" type="method" name="getPrompt" visibility="public" complexity="1" crap="2" count="0"/>
        <line num="66" type="stmt" count="0"/>
        <line num="74" type="method" name="getDefault" visibility="public" complexity="1" crap="2" count="0"/>
        <line num="76" type="stmt" count="0"/>
        <line num="85" type="method" name="beforeMenu" visibility="public" complexity="1" crap="2" count="0"/>
        <line num="87" type="stmt" count="0"/>
        <line num="88" type="stmt" count="0"/>
        <metrics loc="89" ncloc="62" classes="1" methods="6" coveredmethods="0" conditionals="0" coveredconditionals="0" statements="9" coveredstatements="0" elements="15" coveredelements="0"/>
      </file>
      <file name="/shared/httpd/wp-scoper/wp-scoper-core/src/Command/Patcher/PatcherNewCommand.php">
        <class name="Gin0115\WpScoper\Command\Patcher\PatcherNewCommand" namespace="Gin0115\WpScoper\Command\Patcher">
          <metrics complexity="11" methods="6" coveredmethods="0" conditionals="0" coveredconditionals="0" statements="42" coveredstatements="0" elements="48" coveredelements="0"/>
        </class>
        <line num="45" type="method" name="__construct" visibility="public" complexity="1" crap="2" count="0"/>
        <line num="48" type="stmt" count="0"/>
        <line num="49" type="stmt" count="0"/>
        <line num="50" type="stmt" count="0"/>
        <line num="51" type="stmt" count="0"/>
        <line num="54" type="stmt" count="0"/>
        <line num="56" type="method" name="configure" visibility="protected" complexity="1" crap="2" count="0"/>
        <line num="58" type="stmt" count="0"/>
        <line num="59" type="stmt" count="0"/>
        <line num="60" type="stmt" count="0"/>
        <line num="61" type="stmt" count="0"/>
        <line num="64" type="stmt" count="0"/>
        <line num="65" type="stmt" count="0"/>
        <line num="66" type="stmt" count="0"/>
        <line num="67" type="stmt" count="0"/>
        <line num="70" type="stmt" count="0"/>
        <line num="71" type="stmt" count="0"/>
        <line num="72" type="stmt" count="0"/>
        <line num="73" type="stmt" count="0"/>
        <line num="75" type="stmt" count="0"/>
        <line num="84" type="method" name="execute" visibility="public" complexity="1" crap="2" count="0"/>
        <line num="86" type="stmt" count="0"/>
        <line num="88" type="stmt" count="0"/>
        <line num="89" type="stmt" count="0"/>
        <line num="90" type="stmt" count="0"/>
        <line num="91" type="stmt" count="0"/>
        <line num="93" type="stmt" count="0"/>
        <line num="97" type="stmt" count="0"/>
        <line num="107" type="method" name="getStubPath" visibility="private" complexity="2" crap="6" count="0"/>
        <line num="109" type="stmt" count="0"/>
        <line num="110" type="stmt" count="0"/>
        <line num="111" type="stmt" count="0"/>
        <line num="112" type="stmt" count="0"/>
        <line num="117" type="stmt" count="0"/>
        <line num="127" type="method" name="getStubName" visibility="private" complexity="3" crap="12" count="0"/>
        <line num="129" type="stmt" count="0"/>
        <line num="130" type="stmt" count="0"/>
        <line num="131" type="stmt" count="0"/>
        <line num="135" type="stmt" count="0"/>
        <line num="136" type="stmt" count="0"/>
        <line num="139" type="stmt" count="0"/>
        <line num="149" type="method" name="getStubVersion" visibility="private" complexity="3" crap="12" count="0"/>
        <line num="151" type="stmt" count="0"/>
        <line num="152" type="stmt" count="0"/>
        <line num="153" type="stmt" count="0"/>
        <line num="157" type="stmt" count="0"/>
        <line num="158" type="stmt" count="0"/>
        <line num="161" type="stmt" count="0"/>
        <metrics loc="163" ncloc="126" classes="1" methods="6" coveredmethods="0" conditionals="0" coveredconditionals="0" statements="42" coveredstatements="0" elements="48" coveredelements="0"/>
      </file>
    </package>
    <package name="Gin0115\WpScoper\Command\Status">
      <file name="/shared/httpd/wp-scoper/wp-scoper-core/src/Command/Status/ProjectStatusCommand.php">
        <class name="Gin0115\WpScoper\Command\Status\ProjectStatusCommand" namespace="Gin0115\WpScoper\Command\Status">
          <metrics complexity="10" methods="4" coveredmethods="0" conditionals="0" coveredconditionals="0" statements="53" coveredstatements="0" elements="57" coveredelements="0"/>
        </class>
        <line num="39" type="method" name="__construct" visibility="public" complexity="1" crap="2" count="0"/>
        <line num="41" type="stmt" count="0"/>
        <line num="42" type="stmt" count="0"/>
        <line num="43" type="stmt" count="0"/>
        <line num="44" type="stmt" count="0"/>
        <line num="45" type="stmt" count="0"/>
        <line num="47" type="method" name="configure" visibility="protected" complexity="1" crap="2" count="0"/>
        <line num="49" type="stmt" count="0"/>
        <line num="50" type="stmt" count="0"/>
        <line num="51" type="stmt" count="0"/>
        <line num="52" type="stmt" count="0"/>
        <line num="54" type="stmt" count="0"/>
        <line num="63" type="method" name="execute" visibility="public" complexity="5" crap="30" count="0"/>
        <line num="65" type="stmt" count="0"/>
        <line num="68" type="stmt" count="0"/>
        <line num="71" type="stmt" count="0"/>
        <line num="72" type="stmt" count="0"/>
        <line num="73" type="stmt" count="0"/>
        <line num="77" type="stmt" count="0"/>
        <line num="78" type="stmt" count="0"/>
        <line num="82" type="stmt" count="0"/>
        <line num="83" type="stmt" count="0"/>
        <line num="84" type="stmt" count="0"/>
        <line num="88" type="stmt" count="0"/>
        <line num="91" type="stmt" count="0"/>
        <line num="92" type="stmt" count="0"/>
        <line num="94" type="stmt" count="0"/>
        <line num="98" type="stmt" count="0"/>
        <line num="103" type="stmt" count="0"/>
        <line num="105" type="stmt" count="0"/>
        <line num="114" type="method" name="renderProjectConfig" visibility="private" complexity="3" crap="12" count="0"/>
        <line num="116" type="stmt" count="0"/>
        <line num="118" type="stmt" count="0"/>
        <line num="120" type="stmt" count="0"/>
        <line num="127" type="stmt" count="0"/>
        <line num="128" type="stmt" count="0"/>
        <line num="129" type="stmt" count="0"/>
        <line num="130" type="stmt" count="0"/>
        <line num="131" type="stmt" count="0"/>
        <line num="135" type="stmt" count="0"/>
        <line num="136" type="stmt" count="0"/>
        <line num="137" type="stmt" count="0"/>
        <line num="138" type="stmt" count="0"/>
        <line num="140" type="stmt" count="0"/>
        <line num="141" type="stmt" count="0"/>
        <line num="142" type="stmt" count="0"/>
        <line num="146" type="stmt" count="0"/>
        <line num="148" type="stmt" count="0"/>
        <line num="149" type="stmt" count="0"/>
        <line num="150" type="stmt" count="0"/>
        <line num="153" type="stmt" count="0"/>
        <line num="154" type="stmt" count="0"/>
        <line num="155" type="stmt" count="0"/>
        <line num="158" type="stmt" count="0"/>
        <line num="159" type="stmt" count="0"/>
        <line num="160" type="stmt" count="0"/>
        <line num="162" type="stmt" count="0"/>
        <metrics loc="163" ncloc="135" classes="1" methods="4" coveredmethods="0" conditionals="0" coveredconditionals="0" statements="53" coveredstatements="0" elements="57" coveredelements="0"/>
      </file>
      <file name="/shared/httpd/wp-scoper/wp-scoper-core/src/Command/Status/StatusHomeCommand.php">
        <class name="Gin0115\WpScoper\Command\Status\StatusHomeCommand" namespace="Gin0115\WpScoper\Command\Status">
          <metrics complexity="6" methods="6" coveredmethods="0" conditionals="0" coveredconditionals="0" statements="10" coveredstatements="0" elements="16" coveredelements="0"/>
        </class>
        <line num="32" type="method" name="__construct" visibility="public" complexity="1" crap="2" count="0"/>
        <line num="35" type="stmt" count="0"/>
        <line num="36" type="stmt" count="0"/>
        <line num="37" type="stmt" count="0"/>
        <line num="38" type="stmt" count="0"/>
        <line num="40" type="method" name="getApp" visibility="public" complexity="1" crap="2" count="0"/>
        <line num="42" type="stmt" count="0"/>
        <line num="50" type="method" name="getTableItems" visibility="public" complexity="1" crap="2" count="0"/>
        <line num="53" type="stmt" count="0"/>
        <line num="66" type="method" name="getPrompt" visibility="public" complexity="1" crap="2" count="0"/>
        <line num="68" type="stmt" count="0"/>
        <line num="76" type="method" name="getDefault" visibility="public" complexity="1" crap="2" count="0"/>
        <line num="78" type="stmt" count="0"/>
        <line num="87" type="method" name="beforeMenu" visibility="public" complexity="1" crap="2" count="0"/>
        <line num="89" type="stmt" count="0"/>
        <line num="90" type="stmt" count="0"/>
        <metrics loc="91" ncloc="64" classes="1" methods="6" coveredmethods="0" conditionals="0" coveredconditionals="0" statements="10" coveredstatements="0" elements="16" coveredelements="0"/>
      </file>
    </package>
    <package name="Gin0115\WpScoper\Helper">
      <file name="/shared/httpd/wp-scoper/wp-scoper-core/src/Helper/Json.php">
        <class name="Gin0115\WpScoper\Helper\Json" namespace="Gin0115\WpScoper\Helper">
          <metrics complexity="5" methods="2" coveredmethods="0" conditionals="0" coveredconditionals="0" statements="4" coveredstatements="0" elements="6" coveredelements="0"/>
        </class>
        <line num="18" type="method" name="encode" visibility="public" complexity="3" crap="12" count="0"/>
        <line num="20" type="stmt" count="0"/>
        <line num="22" type="stmt" count="0"/>
        <line num="35" type="method" name="decode" visibility="public" complexity="2" crap="6" count="0"/>
        <line num="37" type="stmt" count="0"/>
        <line num="39" type="stmt" count="0"/>
        <metrics loc="41" ncloc="24" classes="1" methods="2" coveredmethods="0" conditionals="0" coveredconditionals="0" statements="4" coveredstatements="0" elements="6" coveredelements="0"/>
      </file>
      <file name="/shared/httpd/wp-scoper/wp-scoper-core/src/Helper/MenuHelper.php">
        <class name="Gin0115\WpScoper\Helper\MenuHelper" namespace="Gin0115\WpScoper\Helper">
          <metrics complexity="8" methods="5" coveredmethods="0" conditionals="0" coveredconditionals="0" statements="12" coveredstatements="0" elements="17" coveredelements="0"/>
        </class>
        <line num="23" type="method" name="__construct" visibility="public" complexity="1" crap="2" count="0"/>
        <line num="25" type="stmt" count="0"/>
        <line num="26" type="stmt" count="0"/>
        <line num="33" type="method" name="getOutput" visibility="private" complexity="1" crap="2" count="0"/>
        <line num="35" type="stmt" count="0"/>
        <line num="43" type="method" name="getInput" visibility="private" complexity="1" crap="2" count="0"/>
        <line num="45" type="stmt" count="0"/>
        <line num="53" type="method" name="getStyle" visibility="private" complexity="1" crap="2" count="0"/>
        <line num="55" type="stmt" count="0"/>
        <line num="64" type="method" name="returnToMenu" visibility="public" complexity="4" crap="20" count="0"/>
        <line num="67" type="stmt" count="0"/>
        <line num="68" type="stmt" count="0"/>
        <line num="72" type="stmt" count="0"/>
        <line num="75" type="stmt" count="0"/>
        <line num="78" type="stmt" count="0"/>
        <line num="79" type="stmt" count="0"/>
        <line num="82" type="stmt" count="0"/>
        <metrics loc="84" ncloc="61" classes="1" methods="5" coveredmethods="0" conditionals="0" coveredconditionals="0" statements="12" coveredstatements="0" elements="17" coveredelements="0"/>
      </file>
      <file name="/shared/httpd/wp-scoper/wp-scoper-core/src/Helper/QuestionTrait.php">
        <class name="QuestionTrait" namespace="Gin0115\WpScoper\Helper">
          <metrics complexity="14" methods="3" coveredmethods="0" conditionals="0" coveredconditionals="0" statements="32" coveredstatements="0" elements="35" coveredelements="0"/>
        </class>
        <line num="22" type="method" name="requestPath" visibility="private" complexity="5" crap="30" count="0"/>
        <line num="25" type="stmt" count="0"/>
        <line num="29" type="stmt" count="0"/>
        <line num="30" type="stmt" count="0"/>
        <line num="35" type="stmt" count="0"/>
        <line num="36" type="stmt" count="0"/>
        <line num="38" type="stmt" count="0"/>
        <line num="41" type="stmt" count="0"/>
        <line num="42" type="stmt" count="0"/>
        <line num="45" type="stmt" count="0"/>
        <line num="46" type="stmt" count="0"/>
        <line num="47" type="stmt" count="0"/>
        <line num="49" type="stmt" count="0"/>
        <line num="50" type="stmt" count="0"/>
        <line num="60" type="stmt" count="0"/>
        <line num="61" type="stmt" count="0"/>
        <line num="70" type="method" name="requestValidFileName" visibility="private" complexity="5" crap="30" count="0"/>
        <line num="73" type="stmt" count="0"/>
        <line num="75" type="stmt" count="0"/>
        <line num="78" type="stmt" count="0"/>
        <line num="79" type="stmt" count="0"/>
        <line num="80" type="stmt" count="0"/>
        <line num="83" type="stmt" count="0"/>
        <line num="85" type="stmt" count="0"/>
        <line num="86" type="stmt" count="0"/>
        <line num="87" type="stmt" count="0"/>
        <line num="89" type="stmt" count="0"/>
        <line num="90" type="stmt" count="0"/>
        <line num="93" type="method" name="repeatAsk" visibility="public" complexity="4" crap="20" count="0"/>
        <line num="95" type="stmt" count="0"/>
        <line num="96" type="stmt" count="0"/>
        <line num="107" type="stmt" count="0"/>
        <line num="110" type="stmt" count="0"/>
        <line num="111" type="stmt" count="0"/>
        <line num="113" type="stmt" count="0"/>
        <metrics loc="115" ncloc="87" classes="1" methods="3" coveredmethods="0" conditionals="0" coveredconditionals="0" statements="32" coveredstatements="0" elements="35" coveredelements="0"/>
      </file>
      <file name="/shared/httpd/wp-scoper/wp-scoper-core/src/Helper/StyleHelper.php">
        <class name="Gin0115\WpScoper\Helper\StyleHelper" namespace="Gin0115\WpScoper\Helper">
          <metrics complexity="3" methods="2" coveredmethods="0" conditionals="0" coveredconditionals="0" statements="6" coveredstatements="0" elements="8" coveredelements="0"/>
        </class>
        <line num="16" type="method" name="getLogo" visibility="public" complexity="1" crap="2" count="0"/>
        <line num="19" type="stmt" count="0"/>
        <line num="42" type="method" name="commandHeader" visibility="public" complexity="2" crap="6" count="0"/>
        <line num="44" type="stmt" count="0"/>
        <line num="45" type="stmt" count="0"/>
        <line num="47" type="stmt" count="0"/>
        <line num="48" type="stmt" count="0"/>
        <line num="49" type="stmt" count="0"/>
        <metrics loc="50" ncloc="39" classes="1" methods="2" coveredmethods="0" conditionals="0" coveredconditionals="0" statements="6" coveredstatements="0" elements="8" coveredelements="0"/>
      </file>
      <file name="/shared/httpd/wp-scoper/wp-scoper-core/src/Helper/ValidatorTuple.php">
        <class name="Gin0115\WpScoper\Helper\ValidatorTuple" namespace="Gin0115\WpScoper\Helper">
          <metrics complexity="3" methods="3" coveredmethods="0" conditionals="0" coveredconditionals="0" statements="5" coveredstatements="0" elements="8" coveredelements="0"/>
        </class>
        <line num="40" type="method" name="__construct" visibility="public" complexity="1" crap="2" count="0"/>
        <line num="42" type="stmt" count="0"/>
        <line num="43" type="stmt" count="0"/>
        <line num="44" type="stmt" count="0"/>
        <line num="51" type="method" name="getMessage" visibility="public" complexity="1" crap="2" count="0"/>
        <line num="53" type="stmt" count="0"/>
        <line num="61" type="method" name="getConditional" visibility="public" complexity="1" crap="2" count="0"/>
        <line num="63" type="stmt" count="0"/>
        <metrics loc="65" ncloc="35" classes="1" methods="3" coveredmethods="0" conditionals="0" coveredconditionals="0" statements="5" coveredstatements="0" elements="8" coveredelements="0"/>
      </file>
    </package>
    <package name="Gin0115\WpScoper\Patcher\Compiler">
      <file name="/shared/httpd/wp-scoper/wp-scoper-core/src/Patcher/Compiler/IdentifierExtractor.php">
        <class name="Gin0115\WpScoper\Patcher\Compiler\IdentifierExtractor" namespace="Gin0115\WpScoper\Patcher\Compiler">
          <metrics complexity="10" methods="5" coveredmethods="0" conditionals="0" coveredconditionals="0" statements="24" coveredstatements="0" elements="29" coveredelements="0"/>
        </class>
        <line num="39" type="method" name="__construct" visibility="public" complexity="1" crap="2" count="0"/>
        <line num="41" type="stmt" count="0"/>
        <line num="42" type="stmt" count="0"/>
        <line num="47" type="stmt" count="0"/>
        <line num="56" type="method" name="addStubFile" visibility="public" complexity="2" crap="6" count="0"/>
        <line num="59" type="stmt" count="0"/>
        <line num="60" type="stmt" count="0"/>
        <line num="63" type="stmt" count="0"/>
        <line num="64" type="stmt" count="0"/>
        <line num="72" type="method" name="extract" visibility="public" complexity="2" crap="6" count="0"/>
        <line num="74" type="stmt" count="0"/>
        <line num="75" type="stmt" count="0"/>
        <line num="76" type="stmt" count="0"/>
        <line num="77" type="stmt" count="0"/>
        <line num="78" type="stmt" count="0"/>
        <line num="81" type="stmt" count="0"/>
        <line num="90" type="method" name="generateAst" visibility="private" complexity="1" crap="2" count="0"/>
        <line num="92" type="stmt" count="0"/>
        <line num="93" type="stmt" count="0"/>
        <line num="102" type="method" name="extractIdentifiersFromAst" visibility="protected" complexity="4" crap="20" count="0"/>
        <line num="104" type="stmt" count="0"/>
        <line num="105" type="stmt" count="0"/>
        <line num="107" type="stmt" count="0"/>
        <line num="108" type="stmt" count="0"/>
        <line num="110" type="stmt" count="0"/>
        <line num="111" type="stmt" count="0"/>
        <line num="114" type="stmt" count="0"/>
        <line num="116" type="stmt" count="0"/>
        <line num="121" type="stmt" count="0"/>
        <metrics loc="123" ncloc="82" classes="1" methods="5" coveredmethods="0" conditionals="0" coveredconditionals="0" statements="24" coveredstatements="0" elements="29" coveredelements="0"/>
      </file>
      <file name="/shared/httpd/wp-scoper/wp-scoper-core/src/Patcher/Compiler/PatcherCreator.php">
        <class name="Gin0115\WpScoper\Patcher\Compiler\PatcherCreator" namespace="Gin0115\WpScoper\Patcher\Compiler">
          <metrics complexity="9" methods="6" coveredmethods="0" conditionals="0" coveredconditionals="0" statements="43" coveredstatements="0" elements="49" coveredelements="0"/>
        </class>
        <line num="16" type="method" name="__construct" visibility="public" complexity="1" crap="2" count="0"/>
        <line num="19" type="stmt" count="0"/>
        <line num="20" type="stmt" count="0"/>
        <line num="30" type="method" name="createPatcher" visibility="public" complexity="4" crap="20" count="0"/>
        <line num="37" type="stmt" count="0"/>
        <line num="38" type="stmt" count="0"/>
        <line num="39" type="stmt" count="0"/>
        <line num="40" type="stmt" count="0"/>
        <line num="42" type="stmt" count="0"/>
        <line num="43" type="stmt" count="0"/>
        <line num="44" type="stmt" count="0"/>
        <line num="45" type="stmt" count="0"/>
        <line num="46" type="stmt" count="0"/>
        <line num="47" type="stmt" count="0"/>
        <line num="48" type="stmt" count="0"/>
        <line num="52" type="stmt" count="0"/>
        <line num="55" type="stmt" count="0"/>
        <line num="56" type="stmt" count="0"/>
        <line num="57" type="stmt" count="0"/>
        <line num="58" type="stmt" count="0"/>
        <line num="59" type="stmt" count="0"/>
        <line num="60" type="stmt" count="0"/>
        <line num="66" type="stmt" count="0"/>
        <line num="67" type="stmt" count="0"/>
        <line num="69" type="stmt" count="0"/>
        <line num="70" type="stmt" count="0"/>
        <line num="71" type="stmt" count="0"/>
        <line num="72" type="stmt" count="0"/>
        <line num="73" type="stmt" count="0"/>
        <line num="74" type="stmt" count="0"/>
        <line num="75" type="stmt" count="0"/>
        <line num="79" type="stmt" count="0"/>
        <line num="81" type="stmt" count="0"/>
        <line num="91" type="method" name="patcherFileName" visibility="public" complexity="1" crap="2" count="0"/>
        <line num="94" type="stmt" count="0"/>
        <line num="95" type="stmt" count="0"/>
        <line num="98" type="stmt" count="0"/>
        <line num="106" type="method" name="getLog" visibility="public" complexity="1" crap="2" count="0"/>
        <line num="108" type="stmt" count="0"/>
        <line num="117" type="method" name="addError" visibility="public" complexity="1" crap="2" count="0"/>
        <line num="119" type="stmt" count="0"/>
        <line num="120" type="stmt" count="0"/>
        <line num="121" type="stmt" count="0"/>
        <line num="124" type="stmt" count="0"/>
        <line num="133" type="method" name="addSuccess" visibility="public" complexity="1" crap="2" count="0"/>
        <line num="135" type="stmt" count="0"/>
        <line num="136" type="stmt" count="0"/>
        <line num="137" type="stmt" count="0"/>
        <line num="140" type="stmt" count="0"/>
        <metrics loc="142" ncloc="108" classes="1" methods="6" coveredmethods="0" conditionals="0" coveredconditionals="0" statements="43" coveredstatements="0" elements="49" coveredelements="0"/>
      </file>
      <file name="/shared/httpd/wp-scoper/wp-scoper-core/src/Patcher/Compiler/PatcherFileIO.php">
        <class name="Gin0115\WpScoper\Patcher\Compiler\PatcherFileIO" namespace="Gin0115\WpScoper\Patcher\Compiler">
          <metrics complexity="7" methods="7" coveredmethods="0" conditionals="0" coveredconditionals="0" statements="13" coveredstatements="0" elements="20" coveredelements="0"/>
        </class>
        <line num="16" type="method" name="__construct" visibility="public" complexity="1" crap="2" count="0"/>
        <line num="18" type="stmt" count="0"/>
        <line num="19" type="stmt" count="0"/>
        <line num="20" type="stmt" count="0"/>
        <line num="21" type="stmt" count="0"/>
        <line num="30" type="method" name="write" visibility="public" complexity="1" crap="2" count="0"/>
        <line num="32" type="stmt" count="0"/>
        <line num="33" type="stmt" count="0"/>
        <line num="42" type="method" name="read" visibility="public" complexity="1" crap="2" count="0"/>
        <line num="44" type="stmt" count="0"/>
        <line num="53" type="method" name="exists" visibility="public" complexity="1" crap="2" count="0"/>
        <line num="55" type="stmt" count="0"/>
        <line num="64" type="method" name="delete" visibility="public" complexity="1" crap="2" count="0"/>
        <line num="66" type="stmt" count="0"/>
        <line num="67" type="stmt" count="0"/>
        <line num="74" type="method" name="deleteAll" visibility="public" complexity="1" crap="2" count="0"/>
        <line num="76" type="stmt" count="0"/>
        <line num="77" type="stmt" count="0"/>
        <line num="84" type="method" name="getPath" visibility="public" complexity="1" crap="2" count="0"/>
        <line num="86" type="stmt" count="0"/>
        <metrics loc="88" ncloc="59" classes="1" methods="7" coveredmethods="0" conditionals="0" coveredconditionals="0" statements="13" coveredstatements="0" elements="20" coveredelements="0"/>
      </file>
    </package>
    <package name="Gin0115\WpScoper\Patcher\Dictionary">
      <file name="/shared/httpd/wp-scoper/wp-scoper-core/src/Patcher/Dictionary/PatcherCacheRepository.php">
        <class name="Gin0115\WpScoper\Patcher\Dictionary\PatcherCacheRepository" namespace="Gin0115\WpScoper\Patcher\Dictionary">
          <metrics complexity="13" methods="10" coveredmethods="0" conditionals="0" coveredconditionals="0" statements="27" coveredstatements="0" elements="37" coveredelements="0"/>
        </class>
        <line num="27" type="method" name="__construct" visibility="public" complexity="1" crap="2" count="0"/>
        <line num="29" type="stmt" count="0"/>
        <line num="30" type="stmt" count="0"/>
        <line num="31" type="stmt" count="0"/>
        <line num="33" type="stmt" count="0"/>
        <line num="34" type="stmt" count="0"/>
        <line num="41" type="method" name="load" visibility="public" complexity="1" crap="2" count="0"/>
        <line num="43" type="stmt" count="0"/>
        <line num="44" type="stmt" count="0"/>
        <line num="45" type="stmt" count="0"/>
        <line num="47" type="method" name="mapJsonToPatcherModel" visibility="private" complexity="1" crap="2" count="0"/>
        <line num="49" type="stmt" count="0"/>
        <line num="50" type="stmt" count="0"/>
        <line num="51" type="stmt" count="0"/>
        <line num="52" type="stmt" count="0"/>
        <line num="53" type="stmt" count="0"/>
        <line num="54" type="stmt" count="0"/>
        <line num="63" type="method" name="getInternalCachePath" visibility="private" complexity="1" crap="2" count="0"/>
        <line num="65" type="stmt" count="0"/>
        <line num="74" type="method" name="add" visibility="public" complexity="1" crap="2" count="0"/>
        <line num="76" type="stmt" count="0"/>
        <line num="77" type="stmt" count="0"/>
        <line num="86" type="method" name="remove" visibility="public" complexity="1" crap="2" count="0"/>
        <line num="88" type="stmt" count="0"/>
        <line num="89" type="stmt" count="0"/>
        <line num="100" type="method" name="get" visibility="public" complexity="3" crap="12" count="0"/>
        <line num="102" type="stmt" count="0"/>
        <line num="103" type="stmt" count="0"/>
        <line num="106" type="stmt" count="0"/>
        <line num="115" type="method" name="filter" visibility="public" complexity="1" crap="2" count="0"/>
        <line num="117" type="stmt" count="0"/>
        <line num="125" type="method" name="getAll" visibility="public" complexity="2" crap="6" count="0"/>
        <line num="128" type="stmt" count="0"/>
        <line num="129" type="stmt" count="0"/>
        <line num="136" type="method" name="save" visibility="public" complexity="1" crap="2" count="0"/>
        <line num="138" type="stmt" count="0"/>
        <line num="139" type="stmt" count="0"/>
        <metrics loc="141" ncloc="103" classes="1" methods="10" coveredmethods="0" conditionals="0" coveredconditionals="0" statements="27" coveredstatements="0" elements="37" coveredelements="0"/>
      </file>
      <file name="/shared/httpd/wp-scoper/wp-scoper-core/src/Patcher/Dictionary/PatcherModel.php">
        <class name="Gin0115\WpScoper\Patcher\Dictionary\PatcherModel" namespace="Gin0115\WpScoper\Patcher\Dictionary">
          <metrics complexity="8" methods="7" coveredmethods="0" conditionals="0" coveredconditionals="0" statements="16" coveredstatements="0" elements="23" coveredelements="0"/>
        </class>
        <line num="30" type="method" name="__construct" visibility="public" complexity="2" crap="6" count="0"/>
        <line num="37" type="stmt" count="0"/>
        <line num="38" type="stmt" count="0"/>
        <line num="39" type="stmt" count="0"/>
        <line num="40" type="stmt" count="0"/>
        <line num="41" type="stmt" count="0"/>
        <line num="42" type="stmt" count="0"/>
        <line num="49" type="method" name="getKey" visibility="public" complexity="1" crap="2" count="0"/>
        <line num="51" type="stmt" count="0"/>
        <line num="60" type="method" name="getName" visibility="public" complexity="1" crap="2" count="0"/>
        <line num="62" type="stmt" count="0"/>
        <line num="70" type="method" name="getPath" visibility="public" complexity="1" crap="2" count="0"/>
        <line num="72" type="stmt" count="0"/>
        <line num="80" type="method" name="getVersion" visibility="public" complexity="1" crap="2" count="0"/>
        <line num="82" type="stmt" count="0"/>
        <line num="90" type="method" name="getCreatedAt" visibility="public" complexity="1" crap="2" count="0"/>
        <line num="92" type="stmt" count="0"/>
        <line num="95" type="method" name="jsonSerialize" visibility="public" complexity="1" crap="2" count="0"/>
        <line num="98" type="stmt" count="0"/>
        <line num="99" type="stmt" count="0"/>
        <line num="100" type="stmt" count="0"/>
        <line num="101" type="stmt" count="0"/>
        <line num="102" type="stmt" count="0"/>
        <metrics loc="105" ncloc="78" classes="1" methods="7" coveredmethods="0" conditionals="0" coveredconditionals="0" statements="16" coveredstatements="0" elements="23" coveredelements="0"/>
      </file>
    </package>
    <package name="Gin0115\WpScoper\Patcher">
      <file name="/shared/httpd/wp-scoper/wp-scoper-core/src/Patcher/PatcherManager.php">
        <class name="Gin0115\WpScoper\Patcher\PatcherManager" namespace="Gin0115\WpScoper\Patcher">
          <metrics complexity="10" methods="6" coveredmethods="0" conditionals="0" coveredconditionals="0" statements="28" coveredstatements="0" elements="34" coveredelements="0"/>
        </class>
        <line num="20" type="method" name="__construct" visibility="public" complexity="1" crap="2" count="0"/>
        <line num="22" type="stmt" count="0"/>
        <line num="23" type="stmt" count="0"/>
        <line num="24" type="stmt" count="0"/>
        <line num="33" type="method" name="patcherExists" visibility="public" complexity="2" crap="6" count="0"/>
        <line num="36" type="stmt" count="0"/>
        <line num="37" type="stmt" count="0"/>
        <line num="39" type="stmt" count="0"/>
        <line num="54" type="method" name="createPatcher" visibility="public" complexity="2" crap="6" count="0"/>
        <line num="62" type="stmt" count="0"/>
        <line num="63" type="stmt" count="0"/>
        <line num="65" type="stmt" count="0"/>
        <line num="66" type="stmt" count="0"/>
        <line num="67" type="stmt" count="0"/>
        <line num="68" type="stmt" count="0"/>
        <line num="69" type="stmt" count="0"/>
        <line num="75" type="stmt" count="0"/>
        <line num="76" type="stmt" count="0"/>
        <line num="83" type="stmt" count="0"/>
        <line num="84" type="stmt" count="0"/>
        <line num="87" type="method" name="deletePatcherFile" visibility="public" complexity="1" crap="2" count="0"/>
        <line num="89" type="stmt" count="0"/>
        <line num="90" type="stmt" count="0"/>
        <line num="91" type="stmt" count="0"/>
        <line num="100" type="method" name="patcherKeyCreator" visibility="public" complexity="1" crap="2" count="0"/>
        <line num="103" type="stmt" count="0"/>
        <line num="106" type="stmt" count="0"/>
        <line num="115" type="method" name="creatorLog" visibility="public" complexity="3" crap="12" count="0"/>
        <line num="117" type="stmt" count="0"/>
        <line num="118" type="stmt" count="0"/>
        <line num="119" type="stmt" count="0"/>
        <line num="120" type="stmt" count="0"/>
        <line num="121" type="stmt" count="0"/>
        <line num="122" type="stmt" count="0"/>
        <metrics loc="124" ncloc="90" classes="1" methods="6" coveredmethods="0" conditionals="0" coveredconditionals="0" statements="28" coveredstatements="0" elements="34" coveredelements="0"/>
      </file>
    </package>
    <package name="Gin0115\WpScoper\ProjectConfig">
      <file name="/shared/httpd/wp-scoper/wp-scoper-core/src/ProjectConfig/ConfigCompiler.php">
        <class name="Gin0115\WpScoper\ProjectConfig\ConfigCompiler" namespace="Gin0115\WpScoper\ProjectConfig">
          <metrics complexity="8" methods="6" coveredmethods="0" conditionals="0" coveredconditionals="0" statements="28" coveredstatements="0" elements="34" coveredelements="0"/>
        </class>
        <line num="30" type="method" name="__construct" visibility="public" complexity="1" crap="2" count="0"/>
        <line num="32" type="stmt" count="0"/>
        <line num="33" type="stmt" count="0"/>
        <line num="34" type="stmt" count="0"/>
        <line num="41" type="method" name="getConfigFilePath" visibility="public" complexity="1" crap="2" count="0"/>
        <line num="43" type="stmt" count="0"/>
        <line num="51" type="method" name="hasConfig" visibility="public" complexity="1" crap="2" count="0"/>
        <line num="53" type="stmt" count="0"/>
        <line num="61" type="method" name="getConfig" visibility="public" complexity="3" crap="12" count="0"/>
        <line num="64" type="stmt" count="0"/>
        <line num="65" type="stmt" count="0"/>
        <line num="69" type="stmt" count="0"/>
        <line num="70" type="stmt" count="0"/>
        <line num="72" type="stmt" count="0"/>
        <line num="73" type="stmt" count="0"/>
        <line num="83" type="method" name="createConfigFromYaml" visibility="private" complexity="1" crap="2" count="0"/>
        <line num="85" type="stmt" count="0"/>
        <line num="87" type="stmt" count="0"/>
        <line num="88" type="stmt" count="0"/>
        <line num="89" type="stmt" count="0"/>
        <line num="90" type="stmt" count="0"/>
        <line num="91" type="stmt" count="0"/>
        <line num="92" type="stmt" count="0"/>
        <line num="93" type="stmt" count="0"/>
        <line num="94" type="stmt" count="0"/>
        <line num="95" type="stmt" count="0"/>
        <line num="96" type="stmt" count="0"/>
        <line num="97" type="stmt" count="0"/>
        <line num="98" type="stmt" count="0"/>
        <line num="108" type="method" name="mapPathPlaceholders" visibility="private" complexity="1" crap="2" count="0"/>
        <line num="111" type="stmt" count="0"/>
        <line num="112" type="stmt" count="0"/>
        <line num="113" type="stmt" count="0"/>
        <line num="116" type="stmt" count="0"/>
        <metrics loc="119" ncloc="86" classes="1" methods="6" coveredmethods="0" conditionals="0" coveredconditionals="0" statements="28" coveredstatements="0" elements="34" coveredelements="0"/>
      </file>
      <file name="/shared/httpd/wp-scoper/wp-scoper-core/src/ProjectConfig/ProjectConfig.php">
        <class name="Gin0115\WpScoper\ProjectConfig\ProjectConfig" namespace="Gin0115\WpScoper\ProjectConfig">
          <metrics complexity="20" methods="11" coveredmethods="11" conditionals="0" coveredconditionals="0" statements="21" coveredstatements="21" elements="32" coveredelements="32"/>
        </class>
        <line num="52" type="method" name="__construct" visibility="public" complexity="6" crap="6" count="10"/>
        <line num="64" type="stmt" count="10"/>
        <line num="65" type="stmt" count="10"/>
        <line num="66" type="stmt" count="10"/>
        <line num="68" type="stmt" count="10"/>
        <line num="71" type="stmt" count="10"/>
        <line num="72" type="stmt" count="10"/>
        <line num="74" type="stmt" count="10"/>
        <line num="75" type="stmt" count="10"/>
        <line num="76" type="stmt" count="10"/>
        <line num="78" type="stmt" count="10"/>
        <line num="79" type="stmt" count="10"/>
        <line num="86" type="method" name="getProjectPath" visibility="public" complexity="1" crap="1" count="1"/>
        <line num="88" type="stmt" count="1"/>
        <line num="95" type="method" name="getVendorPath" visibility="public" complexity="1" crap="1" count="1"/>
        <line num="97" type="stmt" count="1"/>
        <line num="105" type="method" name="getBuildPath" visibility="public" complexity="2" crap="2" count="1"/>
        <line num="107" type="stmt" count="1"/>
        <line num="114" type="method" name="getNamespacePrefix" visibility="public" complexity="1" crap="1" count="1"/>
        <line num="116" type="stmt" count="1"/>
        <line num="123" type="method" name="getAutoloadPrefix" visibility="public" complexity="1" crap="1" count="1"/>
        <line num="125" type="stmt" count="1"/>
        <line num="132" type="method" name="getExcludedNamespaces" visibility="public" complexity="2" crap="2" count="1"/>
        <line num="134" type="stmt" count="1"/>
        <line num="142" type="method" name="getExcludedStubs" visibility="public" complexity="2" crap="2" count="1"/>
        <line num="144" type="stmt" count="1"/>
        <line num="152" type="method" name="getExcludedSymbols" visibility="public" complexity="2" crap="2" count="1"/>
        <line num="154" type="stmt" count="1"/>
        <line num="163" type="method" name="getSourceFinders" visibility="public" complexity="1" crap="1" count="1"/>
        <line num="165" type="stmt" count="1"/>
        <line num="173" type="method" name="getCreateLocalCache" visibility="public" complexity="1" crap="1" count="1"/>
        <line num="175" type="stmt" count="1"/>
        <metrics loc="177" ncloc="121" classes="1" methods="11" coveredmethods="11" conditionals="0" coveredconditionals="0" statements="21" coveredstatements="21" elements="32" coveredelements="32"/>
      </file>
      <file name="/shared/httpd/wp-scoper/wp-scoper-core/src/ProjectConfig/ProjectConfigException.php">
        <class name="Gin0115\WpScoper\ProjectConfig\ProjectConfigException" namespace="Gin0115\WpScoper\ProjectConfig">
          <metrics complexity="2" methods="2" coveredmethods="2" conditionals="0" coveredconditionals="0" statements="2" coveredstatements="2" elements="4" coveredelements="4"/>
        </class>
        <line num="15" type="method" name="missingConfigFile" visibility="public" complexity="1" crap="1" count="1"/>
        <line num="17" type="stmt" count="1"/>
        <line num="26" type="method" name="invalidConfigFile" visibility="public" complexity="1" crap="1" count="1"/>
        <line num="28" type="stmt" count="1"/>
        <metrics loc="30" ncloc="20" classes="1" methods="2" coveredmethods="2" conditionals="0" coveredconditionals="0" statements="2" coveredstatements="2" elements="4" coveredelements="4"/>
      </file>
      <file name="/shared/httpd/wp-scoper/wp-scoper-core/src/ProjectConfig/ProjectConfigMapper.php">
        <class name="Gin0115\WpScoper\ProjectConfig\ProjectConfigMapper" namespace="Gin0115\WpScoper\ProjectConfig">
          <metrics complexity="4" methods="3" coveredmethods="0" conditionals="0" coveredconditionals="0" statements="19" coveredstatements="0" elements="22" coveredelements="0"/>
        </class>
        <line num="53" type="method" name="__construct" visibility="public" complexity="1" crap="2" count="0"/>
        <line num="55" type="stmt" count="0"/>
        <line num="56" type="stmt" count="0"/>
        <line num="57" type="stmt" count="0"/>
        <line num="65" type="method" name="fromYamlFile" visibility="public" complexity="2" crap="6" count="0"/>
        <line num="67" type="stmt" count="0"/>
        <line num="68" type="stmt" count="0"/>
        <line num="70" type="stmt" count="0"/>
        <line num="71" type="stmt" count="0"/>
        <line num="72" type="stmt" count="0"/>
        <line num="81" type="method" name="fromArray" visibility="public" complexity="1" crap="2" count="0"/>
        <line num="83" type="stmt" count="0"/>
        <line num="84" type="stmt" count="0"/>
        <line num="85" type="stmt" count="0"/>
        <line num="86" type="stmt" count="0"/>
        <line num="87" type="stmt" count="0"/>
        <line num="88" type="stmt" count="0"/>
        <line num="89" type="stmt" count="0"/>
        <line num="90" type="stmt" count="0"/>
        <line num="91" type="stmt" count="0"/>
        <line num="92" type="stmt" count="0"/>
        <line num="93" type="stmt" count="0"/>
        <metrics loc="96" ncloc="51" classes="1" methods="3" coveredmethods="0" conditionals="0" coveredconditionals="0" statements="19" coveredstatements="0" elements="22" coveredelements="0"/>
      </file>
      <file name="/shared/httpd/wp-scoper/wp-scoper-core/src/ProjectConfig/ProjectConfigValidator.php">
        <class name="Gin0115\WpScoper\ProjectConfig\ProjectConfigValidator" namespace="Gin0115\WpScoper\ProjectConfig">
          <metrics complexity="9" methods="9" coveredmethods="6" conditionals="0" coveredconditionals="0" statements="17" coveredstatements="12" elements="26" coveredelements="18"/>
        </class>
        <line num="72" type="method" name="isRequired" visibility="private" complexity="1" crap="2" count="0"/>
        <line num="75" type="stmt" count="0"/>
        <line num="76" type="stmt" count="0"/>
        <line num="84" type="method" name="isNoneBlankString" visibility="private" complexity="1" crap="1" count="4"/>
        <line num="87" type="stmt" count="4"/>
        <line num="88" type="stmt" count="4"/>
        <line num="98" type="method" name="validate" visibility="public" complexity="1" crap="2" count="0"/>
        <line num="100" type="stmt" count="0"/>
        <line num="107" type="method" name="projectPath" visibility="public" complexity="1" crap="1" count="1"/>
        <line num="110" type="stmt" count="1"/>
        <line num="111" type="stmt" count="1"/>
        <line num="120" type="method" name="vendorPath" visibility="public" complexity="1" crap="1" count="1"/>
        <line num="123" type="stmt" count="1"/>
        <line num="124" type="stmt" count="1"/>
        <line num="133" type="method" name="buildPath" visibility="public" complexity="1" crap="1" count="1"/>
        <line num="135" type="stmt" count="1"/>
        <line num="142" type="method" name="namespacePrefix" visibility="public" complexity="1" crap="1" count="1"/>
        <line num="145" type="stmt" count="1"/>
        <line num="146" type="stmt" count="1"/>
        <line num="155" type="method" name="autoloadPrefix" visibility="public" complexity="1" crap="2" count="0"/>
        <line num="158" type="stmt" count="0"/>
        <line num="159" type="stmt" count="0"/>
        <line num="168" type="method" name="excludedNamespaces" visibility="public" complexity="1" crap="1" count="1"/>
        <line num="171" type="stmt" count="1"/>
        <line num="172" type="stmt" count="1"/>
        <line num="173" type="stmt" count="1"/>
        <metrics loc="176" ncloc="111" classes="1" methods="9" coveredmethods="6" conditionals="0" coveredconditionals="0" statements="17" coveredstatements="12" elements="26" coveredelements="18"/>
      </file>
    </package>
    <file name="/shared/httpd/wp-scoper/wp-scoper-core/src/Validator/Validator.php">
      <metrics loc="38" ncloc="13" classes="0" methods="0" coveredmethods="0" conditionals="0" coveredconditionals="0" statements="0" coveredstatements="0" elements="0" coveredelements="0"/>
    </file>
    <package name="Gin0115\WpScoper\Validator">
      <file name="/shared/httpd/wp-scoper/wp-scoper-core/src/Validator/ValidatorRule.php">
        <class name="Gin0115\WpScoper\Validator\ValidatorRule" namespace="Gin0115\WpScoper\Validator">
          <metrics complexity="3" methods="3" coveredmethods="3" conditionals="0" coveredconditionals="0" statements="5" coveredstatements="5" elements="8" coveredelements="8"/>
        </class>
        <line num="40" type="method" name="__construct" visibility="public" complexity="1" crap="1" count="5"/>
        <line num="42" type="stmt" count="5"/>
        <line num="43" type="stmt" count="5"/>
        <line num="44" type="stmt" count="5"/>
        <line num="51" type="method" name="getMessage" visibility="public" complexity="1" crap="1" count="5"/>
        <line num="53" type="stmt" count="5"/>
        <line num="61" type="method" name="getConditional" visibility="public" complexity="1" crap="1" count="5"/>
        <line num="63" type="stmt" count="5"/>
        <metrics loc="65" ncloc="35" classes="1" methods="3" coveredmethods="3" conditionals="0" coveredconditionals="0" statements="5" coveredstatements="5" elements="8" coveredelements="8"/>
      </file>
    </package>
    <metrics files="30" loc="2809" ncloc="1985" classes="26" methods="136" coveredmethods="22" conditionals="0" coveredconditionals="0" statements="518" coveredstatements="40" elements="654" coveredelements="62"/>
  </project>
</coverage>
